
=== Sun Dec 23 16:08:35 2018

Packages were changed.
Update Mode: updateDependencies

The following packages were added:
  com.unity.collab-proxy@1.2.9
  com.unity.timeline@0.0.0-builtin
  com.unity.xr.legacyinputhelpers@1.0.0
The following packages were updated:
  com.unity.package-manager-ui from version 1.9.11 to 0.0.0-builtin
  com.unity.textmeshpro from version 1.2.4 to 1.3.0

=== Sun Dec 23 16:19:12 2018

Packages were changed.
Update Mode: updateDependencies

The following packages were added:
  com.unity.collab-proxy@1.2.9
  com.unity.timeline@0.0.0-builtin
  com.unity.xr.legacyinputhelpers@1.0.0
The following packages were updated:
  com.unity.package-manager-ui from version 1.9.11 to 0.0.0-builtin
  com.unity.textmeshpro from version 1.2.4 to 1.3.0

=== Sun Dec 23 16:40:14 2018

Packages were changed.
Update Mode: updateDependencies

The following packages were added:
  com.unity.collab-proxy@1.2.9
  com.unity.timeline@0.0.0-builtin
  com.unity.xr.legacyinputhelpers@1.0.0
The following packages were updated:
  com.unity.package-manager-ui from version 1.9.11 to 0.0.0-builtin
  com.unity.textmeshpro from version 1.2.4 to 1.3.0
